2023-01-09 16:12:12,653 - data collected and save in parquet file successfully
2023-01-09 16:12:15,686 - partitioning the parquet file in 4 files done successfully
2023-01-09 16:12:18,772 - location coulmn added successfully
2023-01-09 16:12:22,037 - duration coulmn added successfully
2023-01-09 16:12:25,168 - location report saved successfully
2023-01-09 16:12:28,061 - duration report saved successfully
2023-01-09 16:12:31,078 - tables are created successfully
2023-01-09 16:12:34,219 - location data is stored in table successfully
2023-01-09 16:12:37,290 - duration data is stored in table successfully
2023-03-01 16:45:05,984 - data collected and save in parquet file successfully
2023-03-01 16:45:08,848 - partitioning the parquet file in 4 files done successfully
2023-03-01 16:45:10,999 - location coulmn added successfully
2023-03-01 16:45:13,255 - duration coulmn added successfully
2023-03-01 16:45:15,988 - location report saved successfully
2023-03-01 16:45:18,641 - duration report saved successfully
2023-03-01 16:45:21,218 - tables are created successfully
2023-03-01 16:45:23,184 - location data is stored in table successfully
2023-03-01 16:45:25,234 - duration data is stored in table successfully
2023-03-01 16:49:34,232 - data not collected successfully
2023-03-01 16:49:49,437 - tables are not created successfully
2023-03-01 16:51:37,052 - data collected and save in parquet file successfully
2023-03-01 16:51:38,967 - partitioning the parquet file in 4 files done successfully
2023-03-01 16:51:40,632 - location coulmn added successfully
2023-03-01 16:51:42,553 - duration coulmn added successfully
2023-03-01 16:51:44,319 - location report saved successfully
2023-03-01 16:51:46,265 - duration report saved successfully
2023-03-01 16:51:48,222 - tables are not created successfully
2023-03-01 16:51:50,771 - location data is stored in table successfully
2023-03-01 16:51:52,716 - duration data is stored in table successfully
2023-03-01 16:52:25,485 - data collected and save in parquet file successfully
2023-03-01 16:52:27,532 - partitioning the parquet file in 4 files done successfully
2023-03-01 16:52:29,683 - location coulmn added successfully
2023-03-01 16:52:32,242 - duration coulmn added successfully
2023-03-01 16:52:34,171 - location report saved successfully
2023-03-01 16:52:36,134 - duration report saved successfully
2023-03-01 16:52:38,083 - tables are not created successfully
2023-03-01 16:52:40,456 - location data is stored in table successfully
2023-03-01 16:52:42,099 - duration data is stored in table successfully
2023-03-01 16:54:41,780 - data collected and save in parquet file successfully
2023-03-01 16:54:45,364 - partitioning the parquet file in 4 files done successfully
2023-03-01 16:54:50,608 - location coulmn added successfully
2023-03-01 16:54:55,911 - duration coulmn added successfully
2023-03-01 16:54:59,497 - location report saved successfully
2023-03-01 16:55:02,464 - duration report saved successfully
2023-03-01 16:55:05,715 - tables are not created successfully
2023-03-01 16:55:08,703 - location data is stored in table successfully
2023-03-01 16:55:11,886 - duration data is stored in table successfully
2023-04-05 16:47:56,571 - data collected and save in parquet file successfully
2023-04-05 16:48:19,051 - data collected and save in parquet file successfully
2023-04-05 16:48:21,891 - partitioning the parquet file in 4 files done successfully
2023-04-05 16:48:24,859 - location coulmn added successfully
2023-04-05 16:48:27,830 - duration coulmn added successfully
2023-04-05 16:48:30,704 - location report saved successfully
2023-04-05 16:48:34,167 - duration report saved successfully
2023-04-05 16:48:37,082 - tables are created successfully
2023-04-05 16:48:39,811 - location data is stored in table successfully
2023-04-05 16:48:42,679 - duration data is stored in table successfully
2023-04-05 16:52:45,584 - data collected and save in parquet file successfully
2023-04-05 17:08:15,545 - data collected and save in parquet file successfully
2023-04-05 17:10:37,856 - data collected and save in parquet file successfully
2023-04-05 17:12:08,920 - partitioning the parquet file in 4 files done successfully
2023-04-05 17:13:43,617 - partitioning the parquet file in 4 files done successfully
2023-04-05 17:26:32,242 - partitioning the parquet file in 4 files done successfully
2023-04-05 17:38:05,840 - partitioning the parquet file in 4 files done successfully
2023-04-05 17:56:01,721 - data collected and save in parquet file successfully
2023-04-05 17:56:04,793 - partitioning the parquet file in 4 files done successfully
2023-04-05 17:56:08,378 - location coulmn added successfully
2023-04-05 17:56:11,790 - duration coulmn added successfully
2023-04-05 17:56:16,159 - location report saved successfully
2023-04-05 17:56:19,948 - duration report saved successfully
2023-04-05 18:03:56,841 - data collected and save in parquet file successfully
2023-04-05 18:04:00,220 - partitioning the parquet file in 4 files done successfully
2023-04-05 18:04:04,111 - location coulmn added successfully
2023-04-05 18:04:09,128 - duration coulmn added successfully
2023-04-05 18:04:14,351 - location report saved successfully
2023-04-05 18:04:18,809 - duration report saved successfully
2023-04-05 18:04:22,356 - tables are created successfully
2023-04-05 18:04:27,253 - location data is stored in table successfully
2023-04-05 18:04:31,562 - duration data is stored in table successfully
